h:\csc8501 advanced programming for games\thesafeproblem\thesafeproblem\debug\main.obj
h:\csc8501 advanced programming for games\thesafeproblem\thesafeproblem\debug\number.obj
h:\csc8501 advanced programming for games\thesafeproblem\thesafeproblem\debug\multilocksafe.obj
h:\csc8501 advanced programming for games\thesafeproblem\thesafeproblem\debug\lock.obj
h:\csc8501 advanced programming for games\thesafeproblem\thesafeproblem\debug\iomanager.obj
h:\csc8501 advanced programming for games\thesafeproblem\thesafeproblem\debug\vc141.pdb
h:\csc8501 advanced programming for games\thesafeproblem\thesafeproblem\debug\vc141.idb
h:\csc8501 advanced programming for games\thesafeproblem\debug\thesafeproblem.pdb
h:\csc8501 advanced programming for games\thesafeproblem\thesafeproblem\debug\thesafeproblem.tlog\cl.command.1.tlog
h:\csc8501 advanced programming for games\thesafeproblem\thesafeproblem\debug\thesafeproblem.tlog\cl.read.1.tlog
h:\csc8501 advanced programming for games\thesafeproblem\thesafeproblem\debug\thesafeproblem.tlog\cl.write.1.tlog
h:\csc8501 advanced programming for games\thesafeproblem\thesafeproblem\debug\thesafeproblem.tlog\link-cvtres.read.1.tlog
h:\csc8501 advanced programming for games\thesafeproblem\thesafeproblem\debug\thesafeproblem.tlog\link-cvtres.write.1.tlog
h:\csc8501 advanced programming for games\thesafeproblem\thesafeproblem\debug\thesafeproblem.tlog\link-rc.read.1.tlog
h:\csc8501 advanced programming for games\thesafeproblem\thesafeproblem\debug\thesafeproblem.tlog\link-rc.write.1.tlog
h:\csc8501 advanced programming for games\thesafeproblem\thesafeproblem\debug\thesafeproblem.tlog\link.2052-cvtres.read.1.tlog
h:\csc8501 advanced programming for games\thesafeproblem\thesafeproblem\debug\thesafeproblem.tlog\link.2052-cvtres.write.1.tlog
h:\csc8501 advanced programming for games\thesafeproblem\thesafeproblem\debug\thesafeproblem.tlog\link.2052-rc.read.1.tlog
h:\csc8501 advanced programming for games\thesafeproblem\thesafeproblem\debug\thesafeproblem.tlog\link.2052-rc.write.1.tlog
h:\csc8501 advanced programming for games\thesafeproblem\thesafeproblem\debug\thesafeproblem.tlog\link.2052.read.1.tlog
h:\csc8501 advanced programming for games\thesafeproblem\thesafeproblem\debug\thesafeproblem.tlog\link.2052.write.1.tlog
h:\csc8501 advanced programming for games\thesafeproblem\thesafeproblem\debug\thesafeproblem.tlog\link.command.1.tlog
h:\csc8501 advanced programming for games\thesafeproblem\thesafeproblem\debug\thesafeproblem.tlog\link.read.1.tlog
h:\csc8501 advanced programming for games\thesafeproblem\thesafeproblem\debug\thesafeproblem.tlog\link.write.1.tlog
