c:\users\mark\desktop\uni\year 4\csc8501 advanced programming for games\thesafeproblem\debug\vc141.pdb
c:\users\mark\desktop\uni\year 4\csc8501 advanced programming for games\thesafeproblem\debug\vc141.idb
c:\users\mark\desktop\uni\year 4\csc8501 advanced programming for games\thesafeproblem\debug\timer.obj
c:\users\mark\desktop\uni\year 4\csc8501 advanced programming for games\thesafeproblem\debug\number.obj
c:\users\mark\desktop\uni\year 4\csc8501 advanced programming for games\thesafeproblem\debug\multilocksafe.obj
c:\users\mark\desktop\uni\year 4\csc8501 advanced programming for games\thesafeproblem\debug\main.obj
c:\users\mark\desktop\uni\year 4\csc8501 advanced programming for games\thesafeproblem\debug\lock.obj
c:\users\mark\desktop\uni\year 4\csc8501 advanced programming for games\thesafeproblem\debug\iomanager.obj
c:\users\mark\desktop\uni\year 4\csc8501 advanced programming for games\thesafeproblem\debug\thesafeproblem.exe
c:\users\mark\desktop\uni\year 4\csc8501 advanced programming for games\thesafeproblem\debug\thesafeproblem.ilk
c:\users\mark\desktop\uni\year 4\csc8501 advanced programming for games\thesafeproblem\debug\thesafeproblem.pdb
c:\users\mark\desktop\uni\year 4\csc8501 advanced programming for games\thesafeproblem\thesafeproblem\debug\iomanager.obj
c:\users\mark\desktop\uni\year 4\csc8501 advanced programming for games\thesafeproblem\thesafeproblem\debug\lock.obj
c:\users\mark\desktop\uni\year 4\csc8501 advanced programming for games\thesafeproblem\thesafeproblem\debug\main.obj
c:\users\mark\desktop\uni\year 4\csc8501 advanced programming for games\thesafeproblem\thesafeproblem\debug\multilocksafe.obj
c:\users\mark\desktop\uni\year 4\csc8501 advanced programming for games\thesafeproblem\thesafeproblem\debug\number.obj
c:\users\mark\desktop\uni\year 4\csc8501 advanced programming for games\thesafeproblem\thesafeproblem\debug\timer.obj
c:\users\mark\desktop\uni\year 4\csc8501 advanced programming for games\thesafeproblem\thesafeproblem\debug\thesafeproblem.ilk
c:\users\mark\desktop\uni\year 4\csc8501 advanced programming for games\thesafeproblem\thesafeproblem\debug\vc141.idb
c:\users\mark\desktop\uni\year 4\csc8501 advanced programming for games\thesafeproblem\thesafeproblem\debug\thesafeproblem.pdb
c:\users\mark\desktop\uni\year 4\csc8501 advanced programming for games\thesafeproblem\thesafeproblem\debug\vc141.pdb
c:\users\mark\desktop\uni\year 4\csc8501 advanced programming for games\thesafeproblem\thesafeproblem\debug\thesafeproblem.exe
c:\users\mark\desktop\uni\year 4\csc8501 advanced programming for games\thesafeproblem\thesafeproblem\debug\thesafeproblem.tlog\cl.command.1.tlog
c:\users\mark\desktop\uni\year 4\csc8501 advanced programming for games\thesafeproblem\thesafeproblem\debug\thesafeproblem.tlog\cl.read.1.tlog
c:\users\mark\desktop\uni\year 4\csc8501 advanced programming for games\thesafeproblem\thesafeproblem\debug\thesafeproblem.tlog\cl.write.1.tlog
c:\users\mark\desktop\uni\year 4\csc8501 advanced programming for games\thesafeproblem\thesafeproblem\debug\thesafeproblem.tlog\link.command.1.tlog
c:\users\mark\desktop\uni\year 4\csc8501 advanced programming for games\thesafeproblem\thesafeproblem\debug\thesafeproblem.tlog\link.read.1.tlog
c:\users\mark\desktop\uni\year 4\csc8501 advanced programming for games\thesafeproblem\thesafeproblem\debug\thesafeproblem.tlog\link.write.1.tlog
